<?xml version="1.0" encoding="UTF-8"?>
<!-- Generated by org.testng.reporters.JUnitReportReporter -->
<testsuite hostname="L076-Parmar" failures="0" tests="1" name="EdurekaProject.EdurekaCertificationProject.Login_Tests" time="44.919" errors="0" timestamp="2023-10-17T17:46:43 IST" skipped="0">
  <testcase classname="EdurekaProject.EdurekaCertificationProject.Login_Tests" name="signIn" time="44.919"/>
</testsuite> <!-- EdurekaProject.EdurekaCertificationProject.Login_Tests -->
