<?xml version="1.0" encoding="UTF-8"?>
<!-- Generated by org.testng.reporters.JUnitReportReporter -->
<testsuite hostname="L076-Parmar" failures="0" tests="1" name="EdurekaProject.EdurekaCertificationProject.HomePageTests" time="7.444" errors="0" timestamp="2023-10-17T13:11:09 IST" skipped="0">
  <testcase classname="EdurekaProject.EdurekaCertificationProject.HomePageTests" name="signIn" time="7.444"/>
</testsuite> <!-- EdurekaProject.EdurekaCertificationProject.HomePageTests -->
